  Camera.cpp
  Color.cpp
  Cube.cpp
D:\URJC_24-25\PA\Juego\desarrollopa_triangle_3\desarrollopa\Color.h(11,15): warning C4305: 'initializing': truncation from 'double' to 'float'
  (compiling source file 'Camera.cpp')
  
D:\URJC_24-25\PA\Juego\desarrollopa_triangle_3\desarrollopa\Color.h(11,27): warning C4305: 'initializing': truncation from 'double' to 'float'
  (compiling source file 'Camera.cpp')
  
D:\URJC_24-25\PA\Juego\desarrollopa_triangle_3\desarrollopa\Color.h(11,38): warning C4305: 'initializing': truncation from 'double' to 'float'
  (compiling source file 'Camera.cpp')
  
D:\URJC_24-25\PA\Juego\desarrollopa_triangle_3\desarrollopa\Color.h(11,15): warning C4305: 'initializing': truncation from 'double' to 'float'
  (compiling source file 'Color.cpp')
  
D:\URJC_24-25\PA\Juego\desarrollopa_triangle_3\desarrollopa\Color.h(11,27): warning C4305: 'initializing': truncation from 'double' to 'float'
  (compiling source file 'Color.cpp')
  
D:\URJC_24-25\PA\Juego\desarrollopa_triangle_3\desarrollopa\Color.h(11,38): warning C4305: 'initializing': truncation from 'double' to 'float'
  (compiling source file 'Color.cpp')
  
D:\URJC_24-25\PA\Juego\desarrollopa_triangle_3\desarrollopa\Color.h(11,15): warning C4305: 'initializing': truncation from 'double' to 'float'
  (compiling source file 'Cube.cpp')
  
D:\URJC_24-25\PA\Juego\desarrollopa_triangle_3\desarrollopa\Color.h(11,27): warning C4305: 'initializing': truncation from 'double' to 'float'
  (compiling source file 'Cube.cpp')
  
D:\URJC_24-25\PA\Juego\desarrollopa_triangle_3\desarrollopa\Color.h(11,38): warning C4305: 'initializing': truncation from 'double' to 'float'
  (compiling source file 'Cube.cpp')
  
  Cuboid.cpp
D:\URJC_24-25\PA\Juego\desarrollopa_triangle_3\desarrollopa\Color.h(11,15): warning C4305: 'initializing': truncation from 'double' to 'float'
  (compiling source file 'Cuboid.cpp')
  
D:\URJC_24-25\PA\Juego\desarrollopa_triangle_3\desarrollopa\Color.h(11,27): warning C4305: 'initializing': truncation from 'double' to 'float'
  (compiling source file 'Cuboid.cpp')
  
D:\URJC_24-25\PA\Juego\desarrollopa_triangle_3\desarrollopa\Color.h(11,38): warning C4305: 'initializing': truncation from 'double' to 'float'
  (compiling source file 'Cuboid.cpp')
  
D:\URJC_24-25\PA\Juego\desarrollopa_triangle_3\desarrollopa\Cuboid.h(15,28): warning C4305: 'initializing': truncation from 'double' to 'float'
  (compiling source file 'Cuboid.cpp')
  
D:\URJC_24-25\PA\Juego\desarrollopa_triangle_3\desarrollopa\Cuboid.h(15,41): warning C4305: 'initializing': truncation from 'double' to 'float'
  (compiling source file 'Cuboid.cpp')
  
  Cylinder.cpp
D:\URJC_24-25\PA\Juego\desarrollopa_triangle_3\desarrollopa\Color.h(11,15): warning C4305: 'initializing': truncation from 'double' to 'float'
  (compiling source file 'Cylinder.cpp')
  
D:\URJC_24-25\PA\Juego\desarrollopa_triangle_3\desarrollopa\Color.h(11,27): warning C4305: 'initializing': truncation from 'double' to 'float'
  (compiling source file 'Cylinder.cpp')
  
D:\URJC_24-25\PA\Juego\desarrollopa_triangle_3\desarrollopa\Color.h(11,38): warning C4305: 'initializing': truncation from 'double' to 'float'
  (compiling source file 'Cylinder.cpp')
  
D:\URJC_24-25\PA\Juego\desarrollopa_triangle_3\desarrollopa\Cylinder.h(14,57): warning C4305: 'initializing': truncation from 'double' to 'float'
  (compiling source file 'Cylinder.cpp')
  
  desarrollopa.cpp
D:\URJC_24-25\PA\Juego\desarrollopa_triangle_3\desarrollopa\Color.h(11,15): warning C4305: 'initializing': truncation from 'double' to 'float'
  (compiling source file 'desarrollopa.cpp')
  
D:\URJC_24-25\PA\Juego\desarrollopa_triangle_3\desarrollopa\Color.h(11,27): warning C4305: 'initializing': truncation from 'double' to 'float'
  (compiling source file 'desarrollopa.cpp')
  
D:\URJC_24-25\PA\Juego\desarrollopa_triangle_3\desarrollopa\Color.h(11,38): warning C4305: 'initializing': truncation from 'double' to 'float'
  (compiling source file 'desarrollopa.cpp')
  
D:\URJC_24-25\PA\Juego\desarrollopa_triangle_3\desarrollopa\Teapot.h(12,17): warning C4305: 'initializing': truncation from 'double' to 'float'
  (compiling source file 'desarrollopa.cpp')
  
D:\URJC_24-25\PA\Juego\desarrollopa_triangle_3\desarrollopa\Cuboid.h(15,28): warning C4305: 'initializing': truncation from 'double' to 'float'
  (compiling source file 'desarrollopa.cpp')
  
D:\URJC_24-25\PA\Juego\desarrollopa_triangle_3\desarrollopa\Cuboid.h(15,41): warning C4305: 'initializing': truncation from 'double' to 'float'
  (compiling source file 'desarrollopa.cpp')
  
D:\URJC_24-25\PA\Juego\desarrollopa_triangle_3\desarrollopa\Torus.h(14,24): warning C4305: 'initializing': truncation from 'double' to 'float'
  (compiling source file 'desarrollopa.cpp')
  
D:\URJC_24-25\PA\Juego\desarrollopa_triangle_3\desarrollopa\Torus.h(14,45): warning C4305: 'initializing': truncation from 'double' to 'float'
  (compiling source file 'desarrollopa.cpp')
  
D:\URJC_24-25\PA\Juego\desarrollopa_triangle_3\desarrollopa\Cylinder.h(14,57): warning C4305: 'initializing': truncation from 'double' to 'float'
  (compiling source file 'desarrollopa.cpp')
  
D:\URJC_24-25\PA\Juego\desarrollopa_triangle_3\desarrollopa\Scene.h(27,95): warning C4244: 'argument': conversion from 'double' to 'float', possible loss of data
  (compiling source file 'desarrollopa.cpp')
  
D:\URJC_24-25\PA\Juego\desarrollopa_triangle_3\desarrollopa\desarrollopa.cpp(16,22): warning C4305: 'initializing': truncation from 'double' to 'GLclampf'
D:\URJC_24-25\PA\Juego\desarrollopa_triangle_3\desarrollopa\desarrollopa.cpp(17,24): warning C4305: 'initializing': truncation from 'double' to 'GLclampf'
D:\URJC_24-25\PA\Juego\desarrollopa_triangle_3\desarrollopa\desarrollopa.cpp(18,23): warning C4305: 'initializing': truncation from 'double' to 'GLclampf'
  Display.cpp
D:\URJC_24-25\PA\Juego\desarrollopa_triangle_3\desarrollopa\Color.h(11,15): warning C4305: 'initializing': truncation from 'double' to 'float'
  (compiling source file 'Display.cpp')
  
D:\URJC_24-25\PA\Juego\desarrollopa_triangle_3\desarrollopa\Color.h(11,27): warning C4305: 'initializing': truncation from 'double' to 'float'
  (compiling source file 'Display.cpp')
  
D:\URJC_24-25\PA\Juego\desarrollopa_triangle_3\desarrollopa\Color.h(11,38): warning C4305: 'initializing': truncation from 'double' to 'float'
  (compiling source file 'Display.cpp')
  
D:\URJC_24-25\PA\Juego\desarrollopa_triangle_3\desarrollopa\Cuboid.h(15,28): warning C4305: 'initializing': truncation from 'double' to 'float'
  (compiling source file 'Display.cpp')
  
D:\URJC_24-25\PA\Juego\desarrollopa_triangle_3\desarrollopa\Cuboid.h(15,41): warning C4305: 'initializing': truncation from 'double' to 'float'
  (compiling source file 'Display.cpp')
  
D:\URJC_24-25\PA\Juego\desarrollopa_triangle_3\desarrollopa\Display.cpp(22,144): warning C4305: 'argument': truncation from 'double' to 'float'
D:\URJC_24-25\PA\Juego\desarrollopa_triangle_3\desarrollopa\Display.cpp(25,144): warning C4305: 'argument': truncation from 'double' to 'float'
D:\URJC_24-25\PA\Juego\desarrollopa_triangle_3\desarrollopa\Display.cpp(26,144): warning C4305: 'argument': truncation from 'double' to 'float'
D:\URJC_24-25\PA\Juego\desarrollopa_triangle_3\desarrollopa\Display.cpp(27,144): warning C4305: 'argument': truncation from 'double' to 'float'
D:\URJC_24-25\PA\Juego\desarrollopa_triangle_3\desarrollopa\Display.cpp(28,144): warning C4305: 'argument': truncation from 'double' to 'float'
D:\URJC_24-25\PA\Juego\desarrollopa_triangle_3\desarrollopa\Display.cpp(34,144): warning C4305: 'argument': truncation from 'double' to 'float'
D:\URJC_24-25\PA\Juego\desarrollopa_triangle_3\desarrollopa\Display.cpp(37,144): warning C4305: 'argument': truncation from 'double' to 'float'
D:\URJC_24-25\PA\Juego\desarrollopa_triangle_3\desarrollopa\Display.cpp(45,144): warning C4305: 'argument': truncation from 'double' to 'float'
D:\URJC_24-25\PA\Juego\desarrollopa_triangle_3\desarrollopa\Display.cpp(46,144): warning C4305: 'argument': truncation from 'double' to 'float'
D:\URJC_24-25\PA\Juego\desarrollopa_triangle_3\desarrollopa\Display.cpp(50,144): warning C4305: 'argument': truncation from 'double' to 'float'
D:\URJC_24-25\PA\Juego\desarrollopa_triangle_3\desarrollopa\Display.cpp(53,144): warning C4305: 'argument': truncation from 'double' to 'float'
D:\URJC_24-25\PA\Juego\desarrollopa_triangle_3\desarrollopa\Display.cpp(54,144): warning C4305: 'argument': truncation from 'double' to 'float'
D:\URJC_24-25\PA\Juego\desarrollopa_triangle_3\desarrollopa\Display.cpp(60,144): warning C4305: 'argument': truncation from 'double' to 'float'
D:\URJC_24-25\PA\Juego\desarrollopa_triangle_3\desarrollopa\Display.cpp(63,144): warning C4305: 'argument': truncation from 'double' to 'float'
D:\URJC_24-25\PA\Juego\desarrollopa_triangle_3\desarrollopa\Display.cpp(70,144): warning C4305: 'argument': truncation from 'double' to 'float'
D:\URJC_24-25\PA\Juego\desarrollopa_triangle_3\desarrollopa\Display.cpp(81,144): warning C4305: 'argument': truncation from 'double' to 'float'
D:\URJC_24-25\PA\Juego\desarrollopa_triangle_3\desarrollopa\Display.cpp(82,144): warning C4305: 'argument': truncation from 'double' to 'float'
D:\URJC_24-25\PA\Juego\desarrollopa_triangle_3\desarrollopa\Display.cpp(83,144): warning C4305: 'argument': truncation from 'double' to 'float'
D:\URJC_24-25\PA\Juego\desarrollopa_triangle_3\desarrollopa\Display.cpp(84,144): warning C4305: 'argument': truncation from 'double' to 'float'
D:\URJC_24-25\PA\Juego\desarrollopa_triangle_3\desarrollopa\Display.cpp(99,144): warning C4305: 'argument': truncation from 'double' to 'float'
D:\URJC_24-25\PA\Juego\desarrollopa_triangle_3\desarrollopa\Display.cpp(100,144): warning C4305: 'argument': truncation from 'double' to 'float'
D:\URJC_24-25\PA\Juego\desarrollopa_triangle_3\desarrollopa\Display.cpp(111,144): warning C4305: 'argument': truncation from 'double' to 'float'
  Game.cpp
D:\URJC_24-25\PA\Juego\desarrollopa_triangle_3\desarrollopa\Color.h(11,15): warning C4305: 'initializing': truncation from 'double' to 'float'
  (compiling source file 'Game.cpp')
  
D:\URJC_24-25\PA\Juego\desarrollopa_triangle_3\desarrollopa\Color.h(11,27): warning C4305: 'initializing': truncation from 'double' to 'float'
  (compiling source file 'Game.cpp')
  
D:\URJC_24-25\PA\Juego\desarrollopa_triangle_3\desarrollopa\Color.h(11,38): warning C4305: 'initializing': truncation from 'double' to 'float'
  (compiling source file 'Game.cpp')
  
D:\URJC_24-25\PA\Juego\desarrollopa_triangle_3\desarrollopa\Teapot.h(12,17): warning C4305: 'initializing': truncation from 'double' to 'float'
  (compiling source file 'Game.cpp')
  
D:\URJC_24-25\PA\Juego\desarrollopa_triangle_3\desarrollopa\Cuboid.h(15,28): warning C4305: 'initializing': truncation from 'double' to 'float'
  (compiling source file 'Game.cpp')
  
D:\URJC_24-25\PA\Juego\desarrollopa_triangle_3\desarrollopa\Cuboid.h(15,41): warning C4305: 'initializing': truncation from 'double' to 'float'
  (compiling source file 'Game.cpp')
  
D:\URJC_24-25\PA\Juego\desarrollopa_triangle_3\desarrollopa\Torus.h(14,24): warning C4305: 'initializing': truncation from 'double' to 'float'
  (compiling source file 'Game.cpp')
  
D:\URJC_24-25\PA\Juego\desarrollopa_triangle_3\desarrollopa\Torus.h(14,45): warning C4305: 'initializing': truncation from 'double' to 'float'
  (compiling source file 'Game.cpp')
  
D:\URJC_24-25\PA\Juego\desarrollopa_triangle_3\desarrollopa\Cylinder.h(14,57): warning C4305: 'initializing': truncation from 'double' to 'float'
  (compiling source file 'Game.cpp')
  
D:\URJC_24-25\PA\Juego\desarrollopa_triangle_3\desarrollopa\Scene.h(27,95): warning C4244: 'argument': conversion from 'double' to 'float', possible loss of data
  (compiling source file 'Game.cpp')
  
D:\URJC_24-25\PA\Juego\desarrollopa_triangle_3\desarrollopa\Game.cpp(16,42): warning C4305: 'argument': truncation from 'double' to 'float'
D:\URJC_24-25\PA\Juego\desarrollopa_triangle_3\desarrollopa\Game.cpp(16,36): warning C4305: 'argument': truncation from 'double' to 'float'
D:\URJC_24-25\PA\Juego\desarrollopa_triangle_3\desarrollopa\Game.cpp(16,29): warning C4305: 'argument': truncation from 'double' to 'float'
D:\URJC_24-25\PA\Juego\desarrollopa_triangle_3\desarrollopa\Game.cpp(23,39): warning C4305: 'argument': truncation from 'double' to 'float'
D:\URJC_24-25\PA\Juego\desarrollopa_triangle_3\desarrollopa\Game.cpp(23,33): warning C4305: 'argument': truncation from 'double' to 'float'
D:\URJC_24-25\PA\Juego\desarrollopa_triangle_3\desarrollopa\Game.cpp(23,27): warning C4305: 'argument': truncation from 'double' to 'float'
D:\URJC_24-25\PA\Juego\desarrollopa_triangle_3\desarrollopa\Game.cpp(29,41): warning C4305: 'argument': truncation from 'double' to 'float'
D:\URJC_24-25\PA\Juego\desarrollopa_triangle_3\desarrollopa\Game.cpp(29,35): warning C4305: 'argument': truncation from 'double' to 'float'
D:\URJC_24-25\PA\Juego\desarrollopa_triangle_3\desarrollopa\Game.cpp(29,29): warning C4305: 'argument': truncation from 'double' to 'float'
D:\URJC_24-25\PA\Juego\desarrollopa_triangle_3\desarrollopa\Game.cpp(56,41): warning C4305: 'argument': truncation from 'double' to 'float'
  Model.cpp
D:\URJC_24-25\PA\Juego\desarrollopa_triangle_3\desarrollopa\Color.h(11,15): warning C4305: 'initializing': truncation from 'double' to 'float'
  (compiling source file 'Model.cpp')
  
D:\URJC_24-25\PA\Juego\desarrollopa_triangle_3\desarrollopa\Color.h(11,27): warning C4305: 'initializing': truncation from 'double' to 'float'
  (compiling source file 'Model.cpp')
  
D:\URJC_24-25\PA\Juego\desarrollopa_triangle_3\desarrollopa\Color.h(11,38): warning C4305: 'initializing': truncation from 'double' to 'float'
  (compiling source file 'Model.cpp')
  
  ModelLoader.cpp
D:\URJC_24-25\PA\Juego\desarrollopa_triangle_3\desarrollopa\Color.h(11,15): warning C4305: 'initializing': truncation from 'double' to 'float'
  (compiling source file 'ModelLoader.cpp')
  
D:\URJC_24-25\PA\Juego\desarrollopa_triangle_3\desarrollopa\Color.h(11,27): warning C4305: 'initializing': truncation from 'double' to 'float'
  (compiling source file 'ModelLoader.cpp')
  
D:\URJC_24-25\PA\Juego\desarrollopa_triangle_3\desarrollopa\Color.h(11,38): warning C4305: 'initializing': truncation from 'double' to 'float'
  (compiling source file 'ModelLoader.cpp')
  
D:\URJC_24-25\PA\Juego\desarrollopa_triangle_3\desarrollopa\ModelLoader.cpp(100,14): warning C4244: 'argument': conversion from 'double' to 'float', possible loss of data
D:\URJC_24-25\PA\Juego\desarrollopa_triangle_3\desarrollopa\ModelLoader.cpp(99,14): warning C4244: 'argument': conversion from 'double' to 'float', possible loss of data
D:\URJC_24-25\PA\Juego\desarrollopa_triangle_3\desarrollopa\ModelLoader.cpp(98,14): warning C4244: 'argument': conversion from 'double' to 'float', possible loss of data
  Scene.cpp
D:\URJC_24-25\PA\Juego\desarrollopa_triangle_3\desarrollopa\Color.h(11,15): warning C4305: 'initializing': truncation from 'double' to 'float'
  (compiling source file 'Scene.cpp')
  
D:\URJC_24-25\PA\Juego\desarrollopa_triangle_3\desarrollopa\Color.h(11,27): warning C4305: 'initializing': truncation from 'double' to 'float'
  (compiling source file 'Scene.cpp')
  
D:\URJC_24-25\PA\Juego\desarrollopa_triangle_3\desarrollopa\Color.h(11,38): warning C4305: 'initializing': truncation from 'double' to 'float'
  (compiling source file 'Scene.cpp')
  
D:\URJC_24-25\PA\Juego\desarrollopa_triangle_3\desarrollopa\Cuboid.h(15,28): warning C4305: 'initializing': truncation from 'double' to 'float'
  (compiling source file 'Scene.cpp')
  
D:\URJC_24-25\PA\Juego\desarrollopa_triangle_3\desarrollopa\Cuboid.h(15,41): warning C4305: 'initializing': truncation from 'double' to 'float'
  (compiling source file 'Scene.cpp')
  
D:\URJC_24-25\PA\Juego\desarrollopa_triangle_3\desarrollopa\Scene.h(27,95): warning C4244: 'argument': conversion from 'double' to 'float', possible loss of data
  (compiling source file 'Scene.cpp')
  
D:\URJC_24-25\PA\Juego\desarrollopa_triangle_3\desarrollopa\Scene.cpp(90,20): warning C4305: 'argument': truncation from 'double' to 'float'
D:\URJC_24-25\PA\Juego\desarrollopa_triangle_3\desarrollopa\Scene.cpp(98,17): warning C4305: 'argument': truncation from 'double' to 'float'
D:\URJC_24-25\PA\Juego\desarrollopa_triangle_3\desarrollopa\Scene.cpp(105,18): warning C4305: 'argument': truncation from 'double' to 'float'
D:\URJC_24-25\PA\Juego\desarrollopa_triangle_3\desarrollopa\Scene.cpp(113,19): warning C4305: 'argument': truncation from 'double' to 'float'
  Solid.cpp
D:\URJC_24-25\PA\Juego\desarrollopa_triangle_3\desarrollopa\Color.h(11,15): warning C4305: 'initializing': truncation from 'double' to 'float'
  (compiling source file 'Solid.cpp')
  
D:\URJC_24-25\PA\Juego\desarrollopa_triangle_3\desarrollopa\Color.h(11,27): warning C4305: 'initializing': truncation from 'double' to 'float'
  (compiling source file 'Solid.cpp')
  
D:\URJC_24-25\PA\Juego\desarrollopa_triangle_3\desarrollopa\Color.h(11,38): warning C4305: 'initializing': truncation from 'double' to 'float'
  (compiling source file 'Solid.cpp')
  
  Sphere.cpp
D:\URJC_24-25\PA\Juego\desarrollopa_triangle_3\desarrollopa\Color.h(11,15): warning C4305: 'initializing': truncation from 'double' to 'float'
  (compiling source file 'Sphere.cpp')
  
D:\URJC_24-25\PA\Juego\desarrollopa_triangle_3\desarrollopa\Color.h(11,27): warning C4305: 'initializing': truncation from 'double' to 'float'
  (compiling source file 'Sphere.cpp')
  
D:\URJC_24-25\PA\Juego\desarrollopa_triangle_3\desarrollopa\Color.h(11,38): warning C4305: 'initializing': truncation from 'double' to 'float'
  (compiling source file 'Sphere.cpp')
  
  Teapot.cpp
D:\URJC_24-25\PA\Juego\desarrollopa_triangle_3\desarrollopa\Color.h(11,15): warning C4305: 'initializing': truncation from 'double' to 'float'
  (compiling source file 'Teapot.cpp')
  
D:\URJC_24-25\PA\Juego\desarrollopa_triangle_3\desarrollopa\Color.h(11,27): warning C4305: 'initializing': truncation from 'double' to 'float'
  (compiling source file 'Teapot.cpp')
  
D:\URJC_24-25\PA\Juego\desarrollopa_triangle_3\desarrollopa\Color.h(11,38): warning C4305: 'initializing': truncation from 'double' to 'float'
  (compiling source file 'Teapot.cpp')
  
D:\URJC_24-25\PA\Juego\desarrollopa_triangle_3\desarrollopa\Teapot.h(12,17): warning C4305: 'initializing': truncation from 'double' to 'float'
  (compiling source file 'Teapot.cpp')
  
  Torus.cpp
D:\URJC_24-25\PA\Juego\desarrollopa_triangle_3\desarrollopa\Color.h(11,15): warning C4305: 'initializing': truncation from 'double' to 'float'
  (compiling source file 'Torus.cpp')
  
D:\URJC_24-25\PA\Juego\desarrollopa_triangle_3\desarrollopa\Color.h(11,27): warning C4305: 'initializing': truncation from 'double' to 'float'
  (compiling source file 'Torus.cpp')
  
D:\URJC_24-25\PA\Juego\desarrollopa_triangle_3\desarrollopa\Color.h(11,38): warning C4305: 'initializing': truncation from 'double' to 'float'
  (compiling source file 'Torus.cpp')
  
D:\URJC_24-25\PA\Juego\desarrollopa_triangle_3\desarrollopa\Torus.h(14,24): warning C4305: 'initializing': truncation from 'double' to 'float'
  (compiling source file 'Torus.cpp')
  
D:\URJC_24-25\PA\Juego\desarrollopa_triangle_3\desarrollopa\Torus.h(14,45): warning C4305: 'initializing': truncation from 'double' to 'float'
  (compiling source file 'Torus.cpp')
  
  Triangle.cpp
D:\URJC_24-25\PA\Juego\desarrollopa_triangle_3\desarrollopa\Color.h(11,15): warning C4305: 'initializing': truncation from 'double' to 'float'
  (compiling source file 'Triangle.cpp')
  
D:\URJC_24-25\PA\Juego\desarrollopa_triangle_3\desarrollopa\Color.h(11,27): warning C4305: 'initializing': truncation from 'double' to 'float'
  (compiling source file 'Triangle.cpp')
  
D:\URJC_24-25\PA\Juego\desarrollopa_triangle_3\desarrollopa\Color.h(11,38): warning C4305: 'initializing': truncation from 'double' to 'float'
  (compiling source file 'Triangle.cpp')
  
  Vector3D.cpp
  Generating Code...
  desarrollopa.vcxproj -> D:\URJC_24-25\PA\Juego\desarrollopa_triangle_3\x64\Debug\desarrollopa.exe
